2023.09.17 20:31:51 INFO  Started: Metals version 1.0.0 in folders '/Users/shivakumarjujare/Documents/GitHub/PracticeScirpts' for client Visual Studio Code 1.80.1.
Sep 17, 2023 8:31:51 PM org.flywaydb.core.internal.license.VersionPrinter printVersionOnly
INFO: Flyway Community Edition 9.20.1 by Redgate
Sep 17, 2023 8:31:51 PM org.flywaydb.core.internal.license.VersionPrinter printVersion
INFO: See release notes here: https://rd.gt/416ObMi
Sep 17, 2023 8:31:51 PM org.flywaydb.core.internal.license.VersionPrinter printVersion
INFO: 
Sep 17, 2023 8:31:51 PM org.flywaydb.core.internal.database.base.BaseDatabaseType createDatabase
INFO: Database: jdbc:h2:file:/Users/shivakumarjujare/Documents/GitHub/PracticeScirpts/.metals/metals (H2 2.1)
Sep 17, 2023 8:31:52 PM org.flywaydb.core.internal.schemahistory.JdbcTableSchemaHistory allAppliedMigrations
INFO: Schema history table "PUBLIC"."flyway_schema_history" does not exist yet
Sep 17, 2023 8:31:52 PM org.flywaydb.core.internal.command.DbValidate validate
INFO: Successfully validated 4 migrations (execution time 00:00.022s)
Sep 17, 2023 8:31:52 PM org.flywaydb.core.internal.schemahistory.JdbcTableSchemaHistory create
INFO: Creating Schema History table "PUBLIC"."flyway_schema_history" ...
Sep 17, 2023 8:31:52 PM org.flywaydb.core.internal.command.DbMigrate migrateGroup
INFO: Current version of schema "PUBLIC": << Empty Schema >>
Sep 17, 2023 8:31:52 PM org.flywaydb.core.internal.command.DbMigrate doMigrateGroup
INFO: Migrating schema "PUBLIC" to version "1 - Create tables"
Sep 17, 2023 8:31:52 PM org.flywaydb.core.internal.command.DbMigrate doMigrateGroup
INFO: Migrating schema "PUBLIC" to version "2 - Server discovery"
Sep 17, 2023 8:31:52 PM org.flywaydb.core.internal.command.DbMigrate doMigrateGroup
INFO: Migrating schema "PUBLIC" to version "3 - Jar symbols"
Sep 17, 2023 8:31:52 PM org.flywaydb.core.internal.command.DbMigrate doMigrateGroup
INFO: Migrating schema "PUBLIC" to version "4 - Fingerprints"
Sep 17, 2023 8:31:52 PM org.flywaydb.core.internal.command.DbMigrate logSummary
INFO: Successfully applied 4 migrations to schema "PUBLIC", now at version v4 (execution time 00:00.042s)
2023.09.17 20:31:52 INFO  time: initialize in 0.79s
2023.09.17 20:31:56 WARN  Build server is not auto-connectable.
2023.09.17 20:31:56 WARN  no build tool detected in workspace '/Users/shivakumarjujare/Documents/GitHub/PracticeScirpts'. The most common cause for this problem is that the editor was opened in the wrong working directory, for example if you use sbt then the workspace directory should contain build.sbt. 
